/*C12*/SET SCHEMA PUBLIC
INSERT INTO QUESTIONNAIRES VALUES(5,'\u0412\u043a\u0443\u0441\u043d\u0430\u044f \u0430\u043d\u043a\u0435\u0442\u0430')
INSERT INTO QUESTIONS VALUES(17,'\u041b\u044e\u0431\u0438\u0442\u0435 \u043b\u0438 \u0412\u044b \u0430\u043d\u0430\u043d\u0430\u0441\u044b?',5,1)
INSERT INTO ANSWERS VALUES(61,'\u0414\u0430',17)
INSERT INTO ANSWERS VALUES(62,'\u041d\u0435\u0442',17)
INSERT INTO QUESTIONS VALUES(18,'\u041b\u044e\u0431\u0438\u0442\u0435 \u043b\u0438 \u0412\u044b \u043c\u043e\u0440\u043e\u0436\u0435\u043d\u043e\u0435?',5,1)
INSERT INTO ANSWERS VALUES(63,'\u0414\u0430',18)
INSERT INTO ANSWERS VALUES(64,'\u041d\u0435\u0442',18)
INSERT INTO QUESTIONS VALUES(19,'\u041b\u044e\u0431\u0438\u0442\u0435 \u043b\u0438 \u0412\u044b \u0442\u043e\u0440\u0442\u044b?',5,1)
INSERT INTO ANSWERS VALUES(65,'\u0414\u0430',19)
INSERT INTO ANSWERS VALUES(66,'\u041d\u0435\u0442',19)
INSERT INTO QUESTIONS VALUES(20,'\u041b\u044e\u0431\u0438\u0442\u0435 \u043b\u0438 \u0412\u044b \u0448\u0430\u0448\u043b\u044b\u043a?',5,1)
INSERT INTO ANSWERS VALUES(67,'\u0414\u0430',20)
INSERT INTO ANSWERS VALUES(68,'\u041d\u0435\u0442',20)
COMMIT
INSERT INTO QUESTIONNAIRES VALUES(6,'\u041a\u043e\u0440\u043e\u0442\u0435\u043d\u044c\u043a\u0430\u044f \u0430\u043d\u043a\u0435\u0442\u0430')
INSERT INTO QUESTIONS VALUES(21,'\u041f\u043e\u0447\u0435\u043c\u0443?',6,1)
INSERT INTO ANSWERS VALUES(69,'\u041e\u0439, \u0432\u0441\u0451!',21)
INSERT INTO ANSWERS VALUES(70,'\u041f\u043e\u0442\u043e\u043c\u0443!',21)
INSERT INTO ANSWERS VALUES(71,'\u0422\u0430\u043a \u043d\u0430\u0434\u043e!',21)
COMMIT
INSERT INTO USERS_ANSWERS VALUES(13,30,2)
INSERT INTO USERS_ANSWERS VALUES(14,31,2)
INSERT INTO USERS_ANSWERS VALUES(15,52,2)
INSERT INTO USERS_ANSWERS VALUES(16,40,2)
INSERT INTO USERS_ANSWERS VALUES(17,37,2)
INSERT INTO USERS_ANSWERS VALUES(18,24,2)
INSERT INTO USERS_ANSWERS VALUES(19,50,2)
INSERT INTO USERS_ANSWERS VALUES(20,57,2)
INSERT INTO USERS_ANSWERS VALUES(21,29,2)
INSERT INTO USERS_ANSWERS VALUES(22,22,2)
INSERT INTO USERS_ANSWERS VALUES(23,32,2)
INSERT INTO USERS_ANSWERS VALUES(24,33,2)
INSERT INTO USERS_ANSWERS VALUES(25,58,2)
INSERT INTO USERS_ANSWERS VALUES(26,46,2)
COMMIT
INSERT INTO USERS_ANSWERS VALUES(27,61,2)
INSERT INTO USERS_ANSWERS VALUES(28,67,2)
INSERT INTO USERS_ANSWERS VALUES(29,65,2)
INSERT INTO USERS_ANSWERS VALUES(30,63,2)
COMMIT
INSERT INTO USERS_ANSWERS VALUES(31,70,2)
COMMIT
INSERT INTO USERS_ANSWERS VALUES(32,44,6)
INSERT INTO USERS_ANSWERS VALUES(33,46,6)
INSERT INTO USERS_ANSWERS VALUES(34,23,6)
INSERT INTO USERS_ANSWERS VALUES(35,37,6)
INSERT INTO USERS_ANSWERS VALUES(36,54,6)
INSERT INTO USERS_ANSWERS VALUES(37,42,6)
INSERT INTO USERS_ANSWERS VALUES(38,27,6)
INSERT INTO USERS_ANSWERS VALUES(39,38,6)
INSERT INTO USERS_ANSWERS VALUES(40,48,6)
INSERT INTO USERS_ANSWERS VALUES(41,56,6)
INSERT INTO USERS_ANSWERS VALUES(42,45,6)
INSERT INTO USERS_ANSWERS VALUES(43,30,6)
INSERT INTO USERS_ANSWERS VALUES(44,50,6)
INSERT INTO USERS_ANSWERS VALUES(45,60,6)
INSERT INTO USERS_ANSWERS VALUES(46,28,6)
COMMIT
INSERT INTO USERS_ANSWERS VALUES(47,65,6)
INSERT INTO USERS_ANSWERS VALUES(48,63,6)
INSERT INTO USERS_ANSWERS VALUES(49,68,6)
INSERT INTO USERS_ANSWERS VALUES(50,62,6)
COMMIT
INSERT INTO USERS_ANSWERS VALUES(51,71,6)
COMMIT
INSERT INTO USERS_ANSWERS VALUES(52,33,5)
INSERT INTO USERS_ANSWERS VALUES(53,26,5)
INSERT INTO USERS_ANSWERS VALUES(54,42,5)
INSERT INTO USERS_ANSWERS VALUES(55,32,5)
INSERT INTO USERS_ANSWERS VALUES(56,40,5)
INSERT INTO USERS_ANSWERS VALUES(57,41,5)
INSERT INTO USERS_ANSWERS VALUES(58,48,5)
INSERT INTO USERS_ANSWERS VALUES(59,52,5)
INSERT INTO USERS_ANSWERS VALUES(60,29,5)
INSERT INTO USERS_ANSWERS VALUES(61,43,5)
INSERT INTO USERS_ANSWERS VALUES(62,37,5)
INSERT INTO USERS_ANSWERS VALUES(63,57,5)
INSERT INTO USERS_ANSWERS VALUES(64,50,5)
INSERT INTO USERS_ANSWERS VALUES(65,35,5)
INSERT INTO USERS_ANSWERS VALUES(66,22,5)
INSERT INTO USERS_ANSWERS VALUES(67,30,5)
INSERT INTO USERS_ANSWERS VALUES(68,34,5)
INSERT INTO USERS_ANSWERS VALUES(69,36,5)
INSERT INTO USERS_ANSWERS VALUES(70,39,5)
INSERT INTO USERS_ANSWERS VALUES(71,59,5)
COMMIT
INSERT INTO USERS_ANSWERS VALUES(72,62,5)
INSERT INTO USERS_ANSWERS VALUES(73,65,5)
INSERT INTO USERS_ANSWERS VALUES(74,64,5)
INSERT INTO USERS_ANSWERS VALUES(75,67,5)
COMMIT
INSERT INTO USERS_ANSWERS VALUES(76,69,5)
COMMIT
INSERT INTO USERS_ANSWERS VALUES(77,35,3)
INSERT INTO USERS_ANSWERS VALUES(78,40,3)
INSERT INTO USERS_ANSWERS VALUES(79,43,3)
INSERT INTO USERS_ANSWERS VALUES(80,59,3)
INSERT INTO USERS_ANSWERS VALUES(81,26,3)
INSERT INTO USERS_ANSWERS VALUES(82,29,3)
INSERT INTO USERS_ANSWERS VALUES(83,48,3)
INSERT INTO USERS_ANSWERS VALUES(84,37,3)
INSERT INTO USERS_ANSWERS VALUES(85,23,3)
INSERT INTO USERS_ANSWERS VALUES(86,53,3)
INSERT INTO USERS_ANSWERS VALUES(87,31,3)
INSERT INTO USERS_ANSWERS VALUES(88,55,3)
INSERT INTO USERS_ANSWERS VALUES(89,45,3)
INSERT INTO USERS_ANSWERS VALUES(90,32,3)
COMMIT
INSERT INTO USERS_ANSWERS VALUES(91,68,3)
INSERT INTO USERS_ANSWERS VALUES(92,62,3)
INSERT INTO USERS_ANSWERS VALUES(93,63,3)
INSERT INTO USERS_ANSWERS VALUES(94,66,3)
COMMIT
INSERT INTO USERS_ANSWERS VALUES(95,71,3)
COMMIT
DISCONNECT
/*C13*/SET SCHEMA PUBLIC
DISCONNECT
/*C14*/SET SCHEMA PUBLIC
DISCONNECT
/*C15*/SET SCHEMA PUBLIC
DISCONNECT
/*C16*/SET SCHEMA PUBLIC
DISCONNECT
/*C17*/SET SCHEMA PUBLIC
DISCONNECT
/*C18*/SET SCHEMA PUBLIC
DISCONNECT
/*C19*/SET SCHEMA PUBLIC
DISCONNECT
/*C20*/SET SCHEMA PUBLIC
DISCONNECT
/*C21*/SET SCHEMA PUBLIC
DISCONNECT
